{"C:\\Users\\Usuario.DESKTOP-RE2PM57\\Documents\\dev\\DEV013-fleet-management-api\\src\\app.ts": {"path":"C:\\Users\\Usuario.DESKTOP-RE2PM57\\Documents\\dev\\DEV013-fleet-management-api\\src\\app.ts","statementMap":{"0":{"start":{"line":1,"column":0},"end":{"line":1,"column":30}},"1":{"start":{"line":3,"column":0},"end":{"line":3,"column":42}},"2":{"start":{"line":4,"column":0},"end":{"line":4,"column":41}},"3":{"start":{"line":5,"column":0},"end":{"line":5,"column":43}},"4":{"start":{"line":6,"column":0},"end":{"line":6,"column":30}},"5":{"start":{"line":10,"column":12},"end":{"line":10,"column":21}},"6":{"start":{"line":11,"column":0},"end":{"line":11,"column":24}},"7":{"start":{"line":15,"column":0},"end":{"line":15,"column":null}},"8":{"start":{"line":18,"column":14},"end":{"line":18,"column":35}},"9":{"start":{"line":19,"column":0},"end":{"line":19,"column":null}},"10":{"start":{"line":23,"column":0},"end":{"line":23,"column":null}}},"fnMap":{},"branchMap":{},"s":{"0":1,"1":1,"2":1,"3":1,"4":1,"5":1,"6":1,"7":1,"8":1,"9":1,"10":1},"f":{},"b":{}}
,"C:\\Users\\Usuario.DESKTOP-RE2PM57\\Documents\\dev\\DEV013-fleet-management-api\\src\\swaggerOptions.ts": {"path":"C:\\Users\\Usuario.DESKTOP-RE2PM57\\Documents\\dev\\DEV013-fleet-management-api\\src\\swaggerOptions.ts","statementMap":{"0":{"start":{"line":1,"column":13},"end":{"line":16,"column":null}}},"fnMap":{},"branchMap":{},"s":{"0":1},"f":{},"b":{}}
,"C:\\Users\\Usuario.DESKTOP-RE2PM57\\Documents\\dev\\DEV013-fleet-management-api\\src\\controller\\taxis.ts": {"path":"C:\\Users\\Usuario.DESKTOP-RE2PM57\\Documents\\dev\\DEV013-fleet-management-api\\src\\controller\\taxis.ts","statementMap":{"0":{"start":{"line":2,"column":0},"end":{"line":2,"column":51}},"1":{"start":{"line":8,"column":36},"end":{"line":34,"column":null}},"2":{"start":{"line":8,"column":55},"end":{"line":34,"column":null}},"3":{"start":{"line":9,"column":2},"end":{"line":33,"column":3}},"4":{"start":{"line":11,"column":17},"end":{"line":11,"column":56}},"5":{"start":{"line":12,"column":18},"end":{"line":12,"column":59}},"6":{"start":{"line":15,"column":4},"end":{"line":28,"column":5}},"7":{"start":{"line":16,"column":6},"end":{"line":16,"column":75}},"8":{"start":{"line":18,"column":25},"end":{"line":18,"column":43}},"9":{"start":{"line":20,"column":20},"end":{"line":20,"column":53}},"10":{"start":{"line":22,"column":6},"end":{"line":27,"column":7}},"11":{"start":{"line":23,"column":8},"end":{"line":23,"column":72}},"12":{"start":{"line":26,"column":8},"end":{"line":26,"column":36}},"13":{"start":{"line":31,"column":4},"end":{"line":31,"column":null}},"14":{"start":{"line":32,"column":4},"end":{"line":32,"column":null}},"15":{"start":{"line":8,"column":13},"end":{"line":8,"column":36}}},"fnMap":{"0":{"name":"(anonymous_7)","decl":{"start":{"line":8,"column":36},"end":{"line":8,"column":43}},"loc":{"start":{"line":8,"column":55},"end":{"line":34,"column":null}}},"1":{"name":"(anonymous_8)","decl":{"start":{"line":8,"column":55},"end":{"line":8,"column":null}},"loc":{"start":{"line":8,"column":55},"end":{"line":34,"column":1}}}},"branchMap":{"0":{"loc":{"start":{"line":11,"column":17},"end":{"line":11,"column":56}},"type":"binary-expr","locations":[{"start":{"line":11,"column":17},"end":{"line":11,"column":51}},{"start":{"line":11,"column":55},"end":{"line":11,"column":56}}]},"1":{"loc":{"start":{"line":12,"column":18},"end":{"line":12,"column":59}},"type":"binary-expr","locations":[{"start":{"line":12,"column":18},"end":{"line":12,"column":53}},{"start":{"line":12,"column":57},"end":{"line":12,"column":59}}]},"2":{"loc":{"start":{"line":15,"column":4},"end":{"line":28,"column":5}},"type":"if","locations":[{"start":{"line":15,"column":4},"end":{"line":28,"column":5}},{"start":{"line":17,"column":11},"end":{"line":28,"column":5}}]},"3":{"loc":{"start":{"line":15,"column":8},"end":{"line":15,"column":30}},"type":"binary-expr","locations":[{"start":{"line":15,"column":8},"end":{"line":15,"column":16}},{"start":{"line":15,"column":20},"end":{"line":15,"column":30}}]},"4":{"loc":{"start":{"line":22,"column":6},"end":{"line":27,"column":7}},"type":"if","locations":[{"start":{"line":22,"column":6},"end":{"line":27,"column":7}},{"start":{"line":24,"column":13},"end":{"line":27,"column":7}}]}},"s":{"0":1,"1":1,"2":4,"3":4,"4":4,"5":4,"6":4,"7":1,"8":3,"9":3,"10":3,"11":1,"12":2,"13":0,"14":0,"15":1},"f":{"0":4,"1":4},"b":{"0":[4,1],"1":[4,1],"2":[1,3],"3":[4,4],"4":[1,2]}}
,"C:\\Users\\Usuario.DESKTOP-RE2PM57\\Documents\\dev\\DEV013-fleet-management-api\\src\\routes\\index.ts": {"path":"C:\\Users\\Usuario.DESKTOP-RE2PM57\\Documents\\dev\\DEV013-fleet-management-api\\src\\routes\\index.ts","statementMap":{"0":{"start":{"line":1,"column":0},"end":{"line":1,"column":33}},"1":{"start":{"line":2,"column":0},"end":{"line":2,"column":34}},"2":{"start":{"line":3,"column":0},"end":{"line":3,"column":47}},"3":{"start":{"line":5,"column":15},"end":{"line":5,"column":23}},"4":{"start":{"line":7,"column":0},"end":{"line":7,"column":null}},"5":{"start":{"line":8,"column":0},"end":{"line":8,"column":null}},"6":{"start":{"line":10,"column":1},"end":{"line":10,"column":23}}},"fnMap":{},"branchMap":{},"s":{"0":1,"1":1,"2":1,"3":1,"4":1,"5":1,"6":1},"f":{},"b":{}}
,"C:\\Users\\Usuario.DESKTOP-RE2PM57\\Documents\\dev\\DEV013-fleet-management-api\\src\\routes\\taxis.ts": {"path":"C:\\Users\\Usuario.DESKTOP-RE2PM57\\Documents\\dev\\DEV013-fleet-management-api\\src\\routes\\taxis.ts","statementMap":{"0":{"start":{"line":1,"column":0},"end":{"line":1,"column":29}},"1":{"start":{"line":2,"column":0},"end":{"line":2,"column":49}},"2":{"start":{"line":4,"column":15},"end":{"line":4,"column":31}},"3":{"start":{"line":128,"column":0},"end":{"line":128,"column":34}},"4":{"start":{"line":132,"column":0},"end":{"line":132,"column":null}}},"fnMap":{},"branchMap":{},"s":{"0":1,"1":1,"2":1,"3":1,"4":1},"f":{},"b":{}}
,"C:\\Users\\Usuario.DESKTOP-RE2PM57\\Documents\\dev\\DEV013-fleet-management-api\\src\\routes\\trajectories.ts": {"path":"C:\\Users\\Usuario.DESKTOP-RE2PM57\\Documents\\dev\\DEV013-fleet-management-api\\src\\routes\\trajectories.ts","statementMap":{"0":{"start":{"line":1,"column":0},"end":{"line":1,"column":29}},"1":{"start":{"line":5,"column":15},"end":{"line":5,"column":31}},"2":{"start":{"line":124,"column":0},"end":{"line":124,"column":null}}},"fnMap":{},"branchMap":{},"s":{"0":1,"1":1,"2":1},"f":{},"b":{}}
,"C:\\Users\\Usuario.DESKTOP-RE2PM57\\Documents\\dev\\DEV013-fleet-management-api\\src\\services\\taxiService.ts": {"path":"C:\\Users\\Usuario.DESKTOP-RE2PM57\\Documents\\dev\\DEV013-fleet-management-api\\src\\services\\taxiService.ts","statementMap":{"0":{"start":{"line":1,"column":0},"end":{"line":1,"column":46}},"1":{"start":{"line":3,"column":15},"end":{"line":3,"column":33}},"2":{"start":{"line":5,"column":24},"end":{"line":10,"column":2}},"3":{"start":{"line":5,"column":68},"end":{"line":10,"column":2}},"4":{"start":{"line":6,"column":2},"end":{"line":9,"column":5}},"5":{"start":{"line":5,"column":13},"end":{"line":5,"column":24}}},"fnMap":{"0":{"name":"(anonymous_7)","decl":{"start":{"line":5,"column":24},"end":{"line":5,"column":31}},"loc":{"start":{"line":5,"column":68},"end":{"line":10,"column":2}}},"1":{"name":"(anonymous_8)","decl":{"start":{"line":5,"column":68},"end":{"line":5,"column":null}},"loc":{"start":{"line":5,"column":68},"end":{"line":10,"column":1}}}},"branchMap":{},"s":{"0":1,"1":1,"2":1,"3":3,"4":3,"5":1},"f":{"0":3,"1":3},"b":{}}
}
