TN:
SF:src\app.ts
FNF:0
FNH:0
DA:1,1
DA:3,1
DA:4,1
DA:5,1
DA:6,1
DA:10,1
DA:11,1
DA:15,1
DA:18,1
DA:19,1
DA:23,1
LF:11
LH:11
BRF:0
BRH:0
end_of_record
TN:
SF:src\swaggerOptions.ts
FNF:0
FNH:0
DA:1,1
LF:1
LH:1
BRF:0
BRH:0
end_of_record
TN:
SF:src\controller\taxis.ts
FN:8,(anonymous_7)
FN:8,(anonymous_8)
FNF:2
FNH:2
FNDA:4,(anonymous_7)
FNDA:4,(anonymous_8)
DA:2,1
DA:8,4
DA:9,4
DA:11,4
DA:12,4
DA:15,4
DA:16,1
DA:18,3
DA:20,3
DA:22,3
DA:23,1
DA:26,2
DA:31,0
DA:32,0
LF:14
LH:12
BRDA:11,0,0,4
BRDA:11,0,1,1
BRDA:12,1,0,4
BRDA:12,1,1,1
BRDA:15,2,0,1
BRDA:15,2,1,3
BRDA:15,3,0,4
BRDA:15,3,1,4
BRDA:22,4,0,1
BRDA:22,4,1,2
BRF:10
BRH:10
end_of_record
TN:
SF:src\routes\index.ts
FNF:0
FNH:0
DA:1,1
DA:2,1
DA:3,1
DA:5,1
DA:7,1
DA:8,1
DA:10,1
LF:7
LH:7
BRF:0
BRH:0
end_of_record
TN:
SF:src\routes\taxis.ts
FNF:0
FNH:0
DA:1,1
DA:2,1
DA:4,1
DA:128,1
DA:132,1
LF:5
LH:5
BRF:0
BRH:0
end_of_record
TN:
SF:src\routes\trajectories.ts
FNF:0
FNH:0
DA:1,1
DA:5,1
DA:124,1
LF:3
LH:3
BRF:0
BRH:0
end_of_record
TN:
SF:src\services\taxiService.ts
FN:5,(anonymous_7)
FN:5,(anonymous_8)
FNF:2
FNH:2
FNDA:3,(anonymous_7)
FNDA:3,(anonymous_8)
DA:1,1
DA:3,1
DA:5,3
DA:6,3
LF:4
LH:4
BRF:0
BRH:0
end_of_record
